<?xml version="1.0" encoding="UTF-8"?>
<testsuite xmlns:xsi="http://www.w3.org/2001/XMLSchema-instance" xsi:noNamespaceSchemaLocation="https://maven.apache.org/surefire/maven-surefire-plugin/xsd/surefire-test-report-3.0.xsd" version="3.0" name="org.springframework.samples.petclinic.MySqlIntegrationTests" time="31.862" tests="2" errors="0" skipped="0" failures="0">
  <properties>
[...]
</properties>
  <testcase name="testFindAll" classname="org.springframework.samples.petclinic.MySqlIntegrationTests" time="0.074">
    <system-out><![CDATA[2024-03-09T08:02:14.856+07:00  INFO 15026 --- [           main] t.c.s.AnnotationConfigContextLoaderUtils : Could not detect default configuration classes for test class [org.springframework.samples.petclinic.MySqlIntegrationTests]: MySqlIntegrationTests does not declare any static, non-private, non-final, nested classes annotated with @Configuration.
2024-03-09T08:02:14.880+07:00  INFO 15026 --- [           main] .b.t.c.SpringBootTestContextBootstrapper : Found @SpringBootConfiguration org.springframework.samples.petclinic.PetClinicApplication for test class org.springframework.samples.petclinic.MySqlIntegrationTests
2024-03-09T08:02:14.901+07:00  INFO 15026 --- [           main] tc.mysql:8.2                             : Creating container for image: mysql:8.2
2024-03-09T08:02:15.024+07:00  INFO 15026 --- [           main] tc.mysql:8.2                             : Container mysql:8.2 is starting: c0a9701b2a8624b484d7c1364f0f527ba133d5fb25eef344ccf6b84108cb94d3
2024-03-09T08:02:15.449+07:00  INFO 15026 --- [           main] tc.mysql:8.2                             : Waiting for database connection to become available at jdbc:mysql://localhost:32772/test using query 'SELECT 1'
2024-03-09T08:02:29.379+07:00  INFO 15026 --- [           main] tc.mysql:8.2                             : Container mysql:8.2 started in PT14.478525797S
2024-03-09T08:02:29.380+07:00  INFO 15026 --- [           main] tc.mysql:8.2                             : Container is started (JDBC URL: jdbc:mysql://localhost:32772/test)
2024-03-09T08:02:29.388+07:00  INFO 15026 --- [           main] o.s.b.d.r.RestartApplicationListener     : Restart disabled due to context in which it is running


              |\      _,,,--,,_
             /,`.-'`'   ._  \-;;,_
  _______ __|,4-  ) )_   .;.(__`'-'__     ___ __    _ ___ _______
 |       | '---''(_/._)-'(_\_)   |   |   |   |  |  | |   |       |
 |    _  |    ___|_     _|       |   |   |   |   |_| |   |       | __ _ _
 |   |_| |   |___  |   | |       |   |   |   |       |   |       | \ \ \ \
 |    ___|    ___| |   | |      _|   |___|   |  _    |   |      _|  \ \ \ \
 |   |   |   |___  |   | |     |_|       |   | | |   |   |     |_    ) ) ) )
 |___|   |_______| |___| |_______|_______|___|_|  |__|___|_______|  / / / /
 ==================================================================/_/_/_/

:: Built with Spring Boot :: 3.2.1


2024-03-09T08:02:29.417+07:00  INFO 15026 --- [           main] o.s.s.petclinic.MySqlIntegrationTests    : Starting MySqlIntegrationTests using Java 17.0.10 with PID 15026 (started by rnd in /home/rnd/Documents/spring-petclinic)
2024-03-09T08:02:29.418+07:00  INFO 15026 --- [           main] o.s.s.petclinic.MySqlIntegrationTests    : The following 1 profile is active: "mysql"
2024-03-09T08:02:29.814+07:00  INFO 15026 --- [           main] .s.d.r.c.RepositoryConfigurationDelegate : Bootstrapping Spring Data JPA repositories in DEFAULT mode.
2024-03-09T08:02:29.828+07:00  INFO 15026 --- [           main] .s.d.r.c.RepositoryConfigurationDelegate : Finished Spring Data repository scanning in 13 ms. Found 2 JPA repository interfaces.
2024-03-09T08:02:30.115+07:00  INFO 15026 --- [           main] o.s.b.w.embedded.tomcat.TomcatWebServer  : Tomcat initialized with port 0 (http)
2024-03-09T08:02:30.117+07:00  INFO 15026 --- [           main] o.apache.catalina.core.StandardService   : Starting service [Tomcat]
2024-03-09T08:02:30.117+07:00  INFO 15026 --- [           main] o.apache.catalina.core.StandardEngine    : Starting Servlet engine: [Apache Tomcat/10.1.17]
2024-03-09T08:02:30.144+07:00  INFO 15026 --- [           main] o.a.c.c.C.[Tomcat-3].[localhost].[/]     : Initializing Spring embedded WebApplicationContext
2024-03-09T08:02:30.144+07:00  INFO 15026 --- [           main] w.s.c.ServletWebServerApplicationContext : Root WebApplicationContext: initialization completed in 723 ms
2024-03-09T08:02:30.357+07:00  INFO 15026 --- [           main] com.zaxxer.hikari.HikariDataSource       : HikariPool-3 - Starting...
2024-03-09T08:02:30.644+07:00  INFO 15026 --- [           main] com.zaxxer.hikari.pool.HikariPool        : HikariPool-3 - Added connection com.mysql.cj.jdbc.ConnectionImpl@2b48cba4
2024-03-09T08:02:30.645+07:00  INFO 15026 --- [           main] com.zaxxer.hikari.HikariDataSource       : HikariPool-3 - Start completed.
2024-03-09T08:02:31.055+07:00  INFO 15026 --- [           main] o.hibernate.jpa.internal.util.LogHelper  : HHH000204: Processing PersistenceUnitInfo [name: default]
2024-03-09T08:02:31.058+07:00  INFO 15026 --- [           main] o.h.c.internal.RegionFactoryInitiator    : HHH000026: Second-level cache disabled
2024-03-09T08:02:31.062+07:00  INFO 15026 --- [           main] o.s.o.j.p.SpringPersistenceUnitInfo      : No LoadTimeWeaver setup: ignoring JPA class transformer
2024-03-09T08:02:31.295+07:00  INFO 15026 --- [           main] o.h.e.t.j.p.i.JtaPlatformInitiator       : HHH000489: No JTA platform available (set 'hibernate.transaction.jta.platform' to enable JTA platform integration)
2024-03-09T08:02:31.296+07:00  INFO 15026 --- [           main] j.LocalContainerEntityManagerFactoryBean : Initialized JPA EntityManagerFactory for persistence unit 'default'
2024-03-09T08:02:31.314+07:00  INFO 15026 --- [           main] tc.mysql:8.2                             : Creating container for image: mysql:8.2
2024-03-09T08:02:31.350+07:00  INFO 15026 --- [           main] tc.mysql:8.2                             : Container mysql:8.2 is starting: 33a058dc81da2cb3b2ed83bdd2fe26035bd2ae943fb737e0e974231520b52105
2024-03-09T08:02:31.700+07:00  INFO 15026 --- [           main] tc.mysql:8.2                             : Waiting for database connection to become available at jdbc:mysql://localhost:32773/test using query 'SELECT 1'
2024-03-09T08:02:45.147+07:00  INFO 15026 --- [           main] tc.mysql:8.2                             : Container mysql:8.2 started in PT13.832528957S
2024-03-09T08:02:45.147+07:00  INFO 15026 --- [           main] tc.mysql:8.2                             : Container is started (JDBC URL: jdbc:mysql://localhost:32773/test)
2024-03-09T08:02:45.963+07:00  INFO 15026 --- [           main] o.s.b.a.e.web.EndpointLinksResolver      : Exposing 13 endpoint(s) beneath base path '/actuator'
2024-03-09T08:02:46.023+07:00  INFO 15026 --- [           main] o.s.b.w.embedded.tomcat.TomcatWebServer  : Tomcat started on port 38279 (http) with context path ''
2024-03-09T08:02:46.060+07:00  INFO 15026 --- [           main] o.s.s.petclinic.MySqlIntegrationTests    : Started MySqlIntegrationTests in 16.671 seconds (process running for 63.81)
]]></system-out>
  </testcase>
  <testcase name="testOwnerDetails" classname="org.springframework.samples.petclinic.MySqlIntegrationTests" time="0.146">
    <system-out><![CDATA[2024-03-09T08:02:46.147+07:00  INFO 15026 --- [o-auto-4-exec-1] o.a.c.c.C.[Tomcat-3].[localhost].[/]     : Initializing Spring DispatcherServlet 'dispatcherServlet'
2024-03-09T08:02:46.148+07:00  INFO 15026 --- [o-auto-4-exec-1] o.s.web.servlet.DispatcherServlet        : Initializing Servlet 'dispatcherServlet'
2024-03-09T08:02:46.150+07:00  INFO 15026 --- [o-auto-4-exec-1] o.s.web.servlet.DispatcherServlet        : Completed initialization in 2 ms
]]></system-out>
  </testcase>
</testsuite>